[LOG] System::create                           : Header version = 2.01.09. Current version = 2.01.09.
[LOG] Manager::init                            : maxchannels = 256 studioflags = 00000006 flags 00000000 extradriverdata 0000000000000000.
[LOG] SystemI::init                            : Initialize version=20109 (115889), maxchannels=256, flags=0x00020000
[LOG] SystemI::setOutputInternal               : Setting output to 'FMOD WASAPI Output'
[LOG] OutputWASAPI::init                       : Mix Format (WAVEFORMATEX): wFormatTag=0xFFFE, nChannels=2, nSamplesPerSec=48000, nAvgBytesPerSec=384000, nBlockAlign=8, wBitsPerSample=32, cbSize=22.
[LOG] OutputWASAPI::init                       : Mix Format (WAVEFORMATEXTENSIBLE): wValidBitsPerSample=32, dwChannelMask=0x00000003, SubFormat=00000003-0000-0010-8000-00AA00389B71.
[LOG] OutputWASAPI::init                       : Output buffer size: 4096 samples, latency: 0.00ms, period: 10.00ms, DSP buffer: 1024 * 4
[LOG] Thread::initThread                       : Init FMOD stream thread. Affinity: 0x8000000000000003, Priority: 0xFFFF7FFB, Stack Size: 98304, Semaphore: No, Sleep Time: 10, Looping: Yes.
[LOG] Thread::initThread                       : Init FMOD mixer thread. Affinity: 0x8000000000000001, Priority: 0xFFFF7FFA, Stack Size: 81920, Semaphore: No, Sleep Time: 0, Looping: Yes.
[LOG] AsyncManager::init                       : manager 0000016646B5CB58 isAsync 0 updatePeriod 0.02
[LOG] AsyncManager::init                       : done
[LOG] PlaybackSystem::init                     : 
[LOG] Thread::initThread                       : Init FMOD Studio sample load thread. Affinity: 0x8000000000000003, Priority: 0xFFFF7FFD, Stack Size: 98304, Semaphore: No, Sleep Time: 1, Looping: No.
[LOG] PlaybackSystem::init                     : done
[LOG] Thread::initThread                       : Init FMOD Studio bank load thread. Affinity: 0x8000000000000003, Priority: 0xFFFF7FFD, Stack Size: 98304, Semaphore: No, Sleep Time: 1, Looping: No.
[LOG] Manager::init                            : done.
[LOG] Manager::readBank                        : fileversion = 135, compatVersion = 132 (oldest = 44, newest = 135)
[LOG] Manager::readBank                        : fileversion = 135, compatVersion = 132 (oldest = 44, newest = 135)
[LOG] SystemI::createSound                     : filename = FMOD/Build/Desktop/Master.bank : mode 02010082
[LOG] SystemI::createSound                     : FMOD_NONBLOCKING specified.  Putting into queue to be opened asynchronously!
[LOG] SystemI::createSound                     : setdata soundi = 0000016652879F18 : node = 00000165955B4AE0
[LOG] SystemI::createSound                     : add node to async list : head = 0000016651B056C8.  list count = 0
[LOG] AsyncThread::threadFunc                  : Starting Asynchronous operation on sound 0000016652879F18
[LOG] SystemI::createSoundInternal             :     Create name='FMOD/Build/Desktop/Master.bank', mode=0x02010082
[LOG] SystemI::createSoundInternal             :     exinfo->cbsize             = 224
[LOG] SystemI::createSoundInternal             :     exinfo->length             = 6189856
[LOG] SystemI::createSoundInternal             :     exinfo->fileoffset         = 40672
[LOG] SystemI::createSoundInternal             :     exinfo->numsubsounds       = 1
[LOG] SystemI::createSoundInternal             :     exinfo->inclusionlist      = 00000165955B4BF0
[LOG] SystemI::createSoundInternal             :     exinfo->inclusionlistnum   = 1
[LOG] SystemI::createSoundInternal             :     exinfo->suggestedsoundtype = 5
[LOG] SystemI::createSoundInternal             :     exinfo->initialseekposition = 4044
[LOG] SystemI::createSoundInternal             :     exinfo->initialseekpostype = 1
[LOG] SystemI::createSoundInternal             :     Stream 0/1: name='Analoginen lija alkuun', format=5, channels=2, frequency=48000, lengthbytes=876928, lengthpcm=5248002, pcmblocksize=0, loopstart=0, loopend=0, mode=0x00000000, channelmask=0x00000000, channelorder=0, peakvolume=0.070193.
[LOG] AsyncThread::threadFunc                  : Finished Asynchronous operation on sound 0000016652879F18
[LOG] SystemI::createSound                     : filename = FMOD/Build/Desktop/Master.bank : mode 02010082
[LOG] SystemI::createSound                     : FMOD_NONBLOCKING specified.  Putting into queue to be opened asynchronously!
[LOG] SystemI::createSound                     : setdata soundi = 0000016652877188 : node = 0000016592A32150
[LOG] SystemI::createSound                     : add node to async list : head = 0000016651B056C8.  list count = 0
[LOG] SystemI::createSound                     : filename = FMOD/Build/Desktop/Master.bank : mode 02010082
[LOG] SystemI::createSound                     : FMOD_NONBLOCKING specified.  Putting into queue to be opened asynchronously!
[LOG] SystemI::createSound                     : setdata soundi = 0000016652877338 : node = 0000016592A32C90
[LOG] SystemI::createSound                     : add node to async list : head = 0000016651B056C8.  list count = 0
[LOG] AsyncThread::threadFunc                  : Starting Asynchronous operation on sound 0000016652877188
[LOG] SystemI::createSound                     : filename = FMOD/Build/Desktop/Master.bank : mode 02010082
[LOG] SystemI::createSoundInternal             :     Create name='FMOD/Build/Desktop/Master.bank', mode=0x02010082
[LOG] SystemI::createSound                     :     FMOD_NONBLOCKING specified.  Putting into queue to be opened asynchronously!
[LOG] SystemI::createSoundInternal             :     exinfo->cbsize             = 224
[LOG] SystemI::createSound                     :     setdata soundi = 0000016652874248 : node = 0000016592A32650
[LOG] SystemI::createSoundInternal             :     exinfo->length             = 6189856
[LOG] SystemI::createSound                     :     add node to async list : head = 0000016651B056C8.  list count = 1
[LOG] SystemI::createSoundInternal             :     exinfo->fileoffset         = 40672
[LOG] SystemI::createSound                     :     filename = FMOD/Build/Desktop/Master.bank : mode 02010082
[LOG] SystemI::createSoundInternal             :     exinfo->numsubsounds       = 1
[LOG] SystemI::createSound                     :     FMOD_NONBLOCKING specified.  Putting into queue to be opened asynchronously!
[LOG] SystemI::createSoundInternal             :     exinfo->inclusionlist      = 0000016592A32260
[LOG] SystemI::createSound                     :     setdata soundi = 0000016652876768 : node = 0000016592A32DD0
[LOG] SystemI::createSoundInternal             :     exinfo->inclusionlistnum   = 1
[LOG] SystemI::createSound                     :     add node to async list : head = 0000016651B056C8.  list count = 2
[LOG] SystemI::createSoundInternal             :     exinfo->suggestedsoundtype = 5
[LOG] SystemI::createSound                     :     filename = FMOD/Build/Desktop/Master.bank : mode 02010082
[LOG] SystemI::createSoundInternal             :     exinfo->initialseekpostype = 1
[LOG] SystemI::createSound                     :     FMOD_NONBLOCKING specified.  Putting into queue to be opened asynchronously!
[LOG] SystemI::createSound                     :     setdata soundi = 000001665287A278 : node = 0000016592A32790
[LOG] SystemI::createSound                     :     add node to async list : head = 0000016651B056C8.  list count = 3
[LOG] SystemI::createSoundInternal             :     Stream 0/1: name='Peli alkaa - CONTRABASSOON', format=5, channels=2, frequency=48000, lengthbytes=469728, lengthpcm=1920001, pcmblocksize=0, loopstart=0, loopend=0, mode=0x00000000, channelmask=0x00000000, channelorder=0, peakvolume=0.118942.
[LOG] AsyncThread::threadFunc                  : Finished Asynchronous operation on sound 0000016652877188
[LOG] AsyncThread::threadFunc                  : Starting Asynchronous operation on sound 0000016652877338
[LOG] SystemI::createSoundInternal             :     Create name='FMOD/Build/Desktop/Master.bank', mode=0x02010082
[LOG] SystemI::createSoundInternal             :     exinfo->cbsize             = 224
[LOG] SystemI::createSoundInternal             :     exinfo->length             = 6189856
[LOG] SystemI::createSoundInternal             :     exinfo->fileoffset         = 40672
[LOG] SystemI::createSoundInternal             :     exinfo->numsubsounds       = 1
[LOG] SystemI::createSoundInternal             :     exinfo->inclusionlist      = 0000016592A32DA0
[LOG] SystemI::createSoundInternal             :     exinfo->inclusionlistnum   = 1
[LOG] SystemI::createSoundInternal             :     exinfo->suggestedsoundtype = 5
[LOG] SystemI::createSoundInternal             :     exinfo->initialseekpostype = 1
[LOG] SystemI::createSoundInternal             :     Stream 0/1: name='Peli alkaa - Bass Drum', format=5, channels=2, frequency=48000, lengthbytes=381920, lengthpcm=1920001, pcmblocksize=0, loopstart=0, loopend=0, mode=0x00000000, channelmask=0x00000000, channelorder=0, peakvolume=0.483100.
[LOG] AsyncThread::threadFunc                  : Finished Asynchronous operation on sound 0000016652877338
[LOG] AsyncThread::threadFunc                  : Starting Asynchronous operation on sound 0000016652874248
[LOG] SystemI::createSoundInternal             :     Create name='FMOD/Build/Desktop/Master.bank', mode=0x02010082
[LOG] SystemI::createSoundInternal             :     exinfo->cbsize             = 224
[LOG] SystemI::createSoundInternal             :     exinfo->length             = 6189856
[LOG] SystemI::createSoundInternal             :     exinfo->fileoffset         = 40672
[LOG] SystemI::createSoundInternal             :     exinfo->numsubsounds       = 1
[LOG] SystemI::createSoundInternal             :     exinfo->inclusionlist      = 0000016592A32760
[LOG] SystemI::createSoundInternal             :     exinfo->inclusionlistnum   = 1
[LOG] SystemI::createSoundInternal             :     exinfo->suggestedsoundtype = 5
[LOG] SystemI::createSoundInternal             :     exinfo->initialseekpostype = 1
[LOG] SystemI::createSoundInternal             :     Stream 0/1: name='Peli alkaa - BASSES Pizz', format=5, channels=2, frequency=48000, lengthbytes=378176, lengthpcm=1920001, pcmblocksize=0, loopstart=0, loopend=0, mode=0x00000000, channelmask=0x00000000, channelorder=0, peakvolume=0.234960.
[LOG] AsyncThread::threadFunc                  : Finished Asynchronous operation on sound 0000016652874248
[LOG] AsyncThread::threadFunc                  : Starting Asynchronous operation on sound 0000016652876768
[LOG] SystemI::createSoundInternal             :     Create name='FMOD/Build/Desktop/Master.bank', mode=0x02010082
[LOG] SystemI::createSoundInternal             :     exinfo->cbsize             = 224
[LOG] SystemI::createSoundInternal             :     exinfo->length             = 6189856
[LOG] SystemI::createSoundInternal             :     exinfo->fileoffset         = 40672
[LOG] SystemI::createSoundInternal             :     exinfo->numsubsounds       = 1
[LOG] SystemI::createSoundInternal             :     exinfo->inclusionlist      = 0000016592A32EE0
[LOG] SystemI::createSoundInternal             :     exinfo->inclusionlistnum   = 1
[LOG] SystemI::createSoundInternal             :     exinfo->suggestedsoundtype = 5
[LOG] SystemI::createSoundInternal             :     exinfo->initialseekpostype = 1
[LOG] SystemI::createSoundInternal             :     Stream 0/1: name='Peli alkaa - Piano LOW', format=5, channels=2, frequency=48000, lengthbytes=377344, lengthpcm=1920001, pcmblocksize=0, loopstart=0, loopend=0, mode=0x00000000, channelmask=0x00000000, channelorder=0, peakvolume=0.088713.
[LOG] AsyncThread::threadFunc                  : Finished Asynchronous operation on sound 0000016652876768
[LOG] AsyncThread::threadFunc                  : Starting Asynchronous operation on sound 000001665287A278
[LOG] SystemI::createSoundInternal             :     Create name='FMOD/Build/Desktop/Master.bank', mode=0x02010082
[LOG] SystemI::createSoundInternal             :     exinfo->cbsize             = 224
[LOG] SystemI::createSoundInternal             :     exinfo->length             = 6189856
[LOG] SystemI::createSoundInternal             :     exinfo->fileoffset         = 40672
[LOG] SystemI::createSoundInternal             :     exinfo->numsubsounds       = 1
[LOG] SystemI::createSoundInternal             :     exinfo->inclusionlist      = 0000016592A328A0
[LOG] SystemI::createSoundInternal             :     exinfo->inclusionlistnum   = 1
[LOG] SystemI::createSoundInternal             :     exinfo->suggestedsoundtype = 5
[LOG] SystemI::createSoundInternal             :     exinfo->initialseekpostype = 1
[LOG] SystemI::createSoundInternal             :     Stream 0/1: name='Peli alkaa - Bartok Pizz', format=5, channels=2, frequency=48000, lengthbytes=119424, lengthpcm=1920001, pcmblocksize=0, loopstart=0, loopend=0, mode=0x00000000, channelmask=0x00000000, channelorder=0, peakvolume=0.517376.
[LOG] AsyncThread::threadFunc                  : Finished Asynchronous operation on sound 000001665287A278
[LOG] AsyncThread::threadFunc                  : Starting Asynchronous operation on sound 0000016652879198
[LOG] AsyncThread::threadFunc                  : Finished Asynchronous operation on sound 0000016652879198
[LOG] AsyncThread::threadFunc                  : Starting Asynchronous operation on sound 00000166528780B8
[LOG] AsyncThread::threadFunc                  : Finished Asynchronous operation on sound 00000166528780B8
[LOG] AsyncThread::threadFunc                  : Starting Asynchronous operation on sound 0000016652877F08
[LOG] AsyncThread::threadFunc                  : Finished Asynchronous operation on sound 0000016652877F08
[LOG] SoundI::release                          : Analoginen lija alkuun (0000016652879F18)
[LOG] SoundI::release                          :     Analoginen lija alkuun (00000165970A5698)
[LOG] SoundI::release                          :     Analoginen lija alkuun (0000016652878C88)
[LOG] SoundI::release                          : Alkuosio 90BPM - Cimbalom (00000166528935C8)
[LOG] SoundI::release                          :     Alkuosio 90BPM - Cimbalom (000001658E789948)
[LOG] SoundI::release                          :     Alkuosio 90BPM - Cimbalom (0000016652878268)
[LOG] SoundI::release                          : Alkuosio 90BPM - Aperture Strings (0000016652891E28)
[LOG] SoundI::release                          :     Alkuosio 90BPM - Aperture Strings (000001658E7897A8)
[LOG] SoundI::release                          :     Alkuosio 90BPM - Aperture Strings (000001665288F3F8)
[LOG] SoundI::release                          : Peli alkaa - Bartok Pizz (000001665287A278)
[LOG] SoundI::release                          :     Peli alkaa - Bartok Pizz (000001664FA92D08)
[LOG] SoundI::release                          :     Peli alkaa - Bartok Pizz (000001665287A788)
[LOG] SoundI::release                          : Peli alkaa - Piano LOW (0000016652876768)
[LOG] SoundI::release                          :     Peli alkaa - Piano LOW (000001664FA91988)
[LOG] SoundI::release                          :     Peli alkaa - Piano LOW (000001665287A5D8)
[LOG] SoundI::release                          : Peli alkaa - BASSES Pizz (0000016652874248)
[LOG] SoundI::release                          :     Peli alkaa - BASSES Pizz (000001659725B588)
[LOG] SoundI::release                          :     Peli alkaa - BASSES Pizz (00000166528780B8)
[LOG] SoundI::release                          : Peli alkaa - Bass Drum (0000016652877338)
[LOG] SoundI::release                          :     Peli alkaa - Bass Drum (000001661C661FC8)
[LOG] SoundI::release                          :     Peli alkaa - Bass Drum (0000016652879198)
[LOG] SoundI::release                          : Peli alkaa - CONTRABASSOON (0000016652877188)
[LOG] SoundI::release                          :     Peli alkaa - CONTRABASSOON (000001661C660288)
[LOG] SoundI::release                          :     Peli alkaa - CONTRABASSOON (0000016652877F08)
[LOG] SoundI::release                          :  (000001665337CD98)
[LOG] SoundI::release                          :     Vessa (0000016546CF14B8)
[LOG] SoundI::release                          :  (000001665337B978)
[LOG] SoundI::release                          :     Vessa reverse (0000016592E257A8)
[LOG] SoundI::release                          :  (000001665337B698)
[LOG] SoundI::release                          :     LOW HIT - Bass Drum (0000016592E238C8)
[LOG] SoundI::release                          :  (000001665337E498)
[LOG] SoundI::release                          :     LOW HIT - Tuba flutter (000001658E78A168)
[LOG] SoundI::release                          :  (000001665337A6C8)
[LOG] SoundI::release                          :     LOW HIT - Bass trombone flutter (0000016592E22F08)
[LOG] SoundI::release                          :  (000001665337B528)
[LOG] SoundI::release                          :     LOW HIT - Drums hit (0000016546CF1318)
[LOG] SoundI::release                          :  (000001665337B808)
[LOG] SoundI::release                          :     LOW HIT - Horns flutter (0000016546CF1658)
[LOG] Thread::callback                         : FMOD Studio update thread finished.
[LOG] Thread::callback                         : FMOD Studio bank load thread finished.
[LOG] Profile::disconnectAll                   : Profiler disconnecting all clients
[LOG] Thread::callback                         : FMOD Studio sample load thread finished.
[LOG] LiveUpdate::release                      : 
[LOG] LiveUpdate::reset                        : Reset connection (reason Disconnected)
[LOG] Thread::callback                         : FMOD stream thread finished.
[LOG] Thread::callback                         : FMOD mixer thread finished.
[LOG] Profile::disconnectAll                   : Profiler disconnecting all clients
[LOG] SystemI::close                           : Closed.
